Using pre-set license
Built from '2021.3/staging' branch; Version is '2021.3.8f1 (b30333d56e81) revision 11731763'; Using compiler version '192829333'; Build Type 'Release'
OS: 'Windows 11  (10.0.22000) 64bit Core' Language: 'en' Physical Memory: 16187 MB
BatchMode: 1, IsHumanControllingUs: 0, StartBugReporterOnCrash: 0, Is64bit: 1, IsPro: 1

COMMAND LINE ARGUMENTS:
C:\Program Files\Unity\Hub\Editor\2021.3.8f1\Editor\Unity.exe
-adb2
-batchMode
-noUpm
-name
AssetImportWorker0
-projectPath
C:/Users/na/Camp Nou
-logFile
Logs/AssetImportWorker0.log
-srvPort
50185
Successfully changed project path to: C:/Users/na/Camp Nou
C:/Users/na/Camp Nou
[UnityMemory] Configuration Parameters - Can be set up in boot.config
    "memorysetup-bucket-allocator-granularity=16"
    "memorysetup-bucket-allocator-bucket-count=8"
    "memorysetup-bucket-allocator-block-size=33554432"
    "memorysetup-bucket-allocator-block-count=8"
    "memorysetup-main-allocator-block-size=16777216"
    "memorysetup-thread-allocator-block-size=16777216"
    "memorysetup-gfx-main-allocator-block-size=16777216"
    "memorysetup-gfx-thread-allocator-block-size=16777216"
    "memorysetup-cache-allocator-block-size=4194304"
    "memorysetup-typetree-allocator-block-size=2097152"
    "memorysetup-profiler-bucket-allocator-granularity=16"
    "memorysetup-profiler-bucket-allocator-bucket-count=8"
    "memorysetup-profiler-bucket-allocator-block-size=33554432"
    "memorysetup-profiler-bucket-allocator-block-count=8"
    "memorysetup-profiler-allocator-block-size=16777216"
    "memorysetup-profiler-editor-allocator-block-size=1048576"
    "memorysetup-temp-allocator-size-main=16777216"
    "memorysetup-job-temp-allocator-block-size=2097152"
    "memorysetup-job-temp-allocator-block-size-background=1048576"
    "memorysetup-job-temp-allocator-reduction-small-platforms=262144"
    "memorysetup-temp-allocator-size-background-worker=32768"
    "memorysetup-temp-allocator-size-job-worker=262144"
    "memorysetup-temp-allocator-size-preload-manager=33554432"
    "memorysetup-temp-allocator-size-nav-mesh-worker=65536"
    "memorysetup-temp-allocator-size-audio-worker=65536"
    "memorysetup-temp-allocator-size-cloud-worker=32768"
    "memorysetup-temp-allocator-size-gi-baking-worker=262144"
    "memorysetup-temp-allocator-size-gfx=262144"
Refreshing native plugins compatible for Editor in 298.10 ms, found 3 plugins.
Preloading 0 native plugins for Editor in 0.00 ms.
Initialize engine version: 2021.3.8f1 (b30333d56e81)
[Subsystems] Discovering subsystems at path C:/Program Files/Unity/Hub/Editor/2021.3.8f1/Editor/Data/Resources/UnitySubsystems
[Subsystems] Discovering subsystems at path C:/Users/na/Camp Nou/Assets
GfxDevice: creating device client; threaded=0; jobified=0
Direct3D:
    Version:  Direct3D 11.0 [level 11.1]
    Renderer: Intel(R) UHD Graphics (ID=0x9b41)
    Vendor:   Intel
    VRAM:     8093 MB
    Driver:   30.0.101.1191
Initialize mono
Mono path[0] = 'C:/Program Files/Unity/Hub/Editor/2021.3.8f1/Editor/Data/Managed'
Mono path[1] = 'C:/Program Files/Unity/Hub/Editor/2021.3.8f1/Editor/Data/MonoBleedingEdge/lib/mono/unityjit-win32'
Mono config path = 'C:/Program Files/Unity/Hub/Editor/2021.3.8f1/Editor/Data/MonoBleedingEdge/etc'
Using monoOptions --debugger-agent=transport=dt_socket,embedding=1,server=y,suspend=n,address=127.0.0.1:56552
Begin MonoManager ReloadAssembly
Registering precompiled unity dll's ...
Register platform support module: C:/Program Files/Unity/Hub/Editor/2021.3.8f1/Editor/Data/PlaybackEngines/WebGLSupport/UnityEditor.WebGL.Extensions.dll
Register platform support module: C:/Program Files/Unity/Hub/Editor/2021.3.8f1/Editor/Data/PlaybackEngines/WindowsStandaloneSupport/UnityEditor.WindowsStandalone.Extensions.dll
Registered in 0.022507 seconds.
Native extension for WindowsStandalone target not found
Native extension for WebGL target not found
Refreshing native plugins compatible for Editor in 231.89 ms, found 3 plugins.
Preloading 0 native plugins for Editor in 0.00 ms.
Mono: successfully reloaded assembly
- Completed reload, in  2.621 seconds
Domain Reload Profiling:
	ReloadAssembly (2622ms)
		BeginReloadAssembly (568ms)
			ExecutionOrderSort (0ms)
			DisableScriptedObjects (0ms)
			BackupInstance (0ms)
			ReleaseScriptingObjects (0ms)
			CreateAndSetChildDomain (4ms)
		EndReloadAssembly (1591ms)
			LoadAssemblies (536ms)
			RebuildTransferFunctionScriptingTraits (0ms)
			SetupTypeCache (441ms)
			ReleaseScriptCaches (0ms)
			RebuildScriptCaches (90ms)
			SetupLoadedEditorAssemblies (901ms)
				LogAssemblyErrors (0ms)
				InitializePlatformSupportModulesInManaged (23ms)
				SetLoadedEditorAssemblies (0ms)
				RefreshPlugins (232ms)
				BeforeProcessingInitializeOnLoad (3ms)
				ProcessInitializeOnLoadAttributes (460ms)
				ProcessInitializeOnLoadMethodAttributes (181ms)
				AfterProcessingInitializeOnLoad (0ms)
				EditorAssembliesLoaded (1ms)
			ExecutionOrderSort2 (0ms)
			AwakeInstancesAfterBackupRestoration (0ms)
Platform modules already initialized, skipping
Registering precompiled user dll's ...
Registered in 0.025830 seconds.
Begin MonoManager ReloadAssembly
Symbol file LoadedFromMemory doesn't match image C:\Users\na\Camp Nou\Library\PackageCache\com.unity.visualscripting@1.7.8\Editor\VisualScripting.Core\Dependencies\YamlDotNet\Unity.VisualScripting.YamlDotNet.dll
Symbol file LoadedFromMemory doesn't match image C:\Users\na\Camp Nou\Library\PackageCache\com.unity.visualscripting@1.7.8\Editor\VisualScripting.Core\Dependencies\DotNetZip\Unity.VisualScripting.IonicZip.dll
Native extension for WindowsStandalone target not found
Native extension for WebGL target not found
Refreshing native plugins compatible for Editor in 1.13 ms, found 3 plugins.
Preloading 0 native plugins for Editor in 0.00 ms.
Mono: successfully reloaded assembly
- Completed reload, in  3.433 seconds
Domain Reload Profiling:
	ReloadAssembly (3436ms)
		BeginReloadAssembly (304ms)
			ExecutionOrderSort (0ms)
			DisableScriptedObjects (17ms)
			BackupInstance (0ms)
			ReleaseScriptingObjects (0ms)
			CreateAndSetChildDomain (43ms)
		EndReloadAssembly (2744ms)
			LoadAssemblies (258ms)
			RebuildTransferFunctionScriptingTraits (0ms)
			SetupTypeCache (1057ms)
			ReleaseScriptCaches (1ms)
			RebuildScriptCaches (152ms)
			SetupLoadedEditorAssemblies (1178ms)
				LogAssemblyErrors (0ms)
				InitializePlatformSupportModulesInManaged (19ms)
				SetLoadedEditorAssemblies (1ms)
				RefreshPlugins (1ms)
				BeforeProcessingInitializeOnLoad (347ms)
				ProcessInitializeOnLoadAttributes (717ms)
				ProcessInitializeOnLoadMethodAttributes (75ms)
				AfterProcessingInitializeOnLoad (18ms)
				EditorAssembliesLoaded (0ms)
			ExecutionOrderSort2 (0ms)
			AwakeInstancesAfterBackupRestoration (18ms)
Platform modules already initialized, skipping
========================================================================
Worker process is ready to serve import requests
Launched and connected shader compiler UnityShaderCompiler.exe after 0.13 seconds
Refreshing native plugins compatible for Editor in 1.38 ms, found 3 plugins.
Preloading 0 native plugins for Editor in 0.00 ms.
Unloading 3383 Unused Serialized files (Serialized files now loaded: 0)
Unloading 27 unused Assets / (111.3 KB). Loaded Objects now: 3854.
Memory consumption went from 128.8 MB to 128.7 MB.
Total: 12.261400 ms (FindLiveObjects: 0.651900 ms CreateObjectMapping: 0.553200 ms MarkObjects: 10.809100 ms  DeleteObjects: 0.244800 ms)

AssetImportParameters requested are different than current active one (requested -> active):
  custom:video-decoder-ogg-theora: a1e56fd34408186e4bbccfd4996cb3dc -> 
  custom:container-muxer-webm: aa71ff27fc2769a1b78a27578f13a17b -> 
  custom:container-demuxer-webm: 4f35f7cbe854078d1ac9338744f61a02 -> 
  custom:video-encoder-webm-vp8: eb34c28f22e8b96e1ab97ce403110664 -> 
  custom:audio-encoder-webm-vorbis: bf7c407c2cedff20999df2af8eb42d56 -> 
  custom:framework-win-MediaFoundation: 216162199b28c13a410421893ffa2e32 -> 
  custom:container-demuxer-ogg: 62fdf1f143b41e24485cea50d1cbac27 -> 
  custom:video-decoder-webm-vp8: 9c59270c3fd7afecdb556c50c9e8de78 -> 
  custom:audio-decoder-ogg-vorbis: bf7c407c2cedff20999df2af8eb42d56 -> 
========================================================================
Received Import Request.
  Time since last request: 1018202.087668 seconds.
  path: Assets/Scenes/cnscf2_69.jpeg
  artifactKey: Guid(aa54f5afe06b05c419023013d64e8bc9) Importer(815301076,1909f56bfc062723c751e8b465ee728b)
Start importing Assets/Scenes/cnscf2_69.jpeg using Guid(aa54f5afe06b05c419023013d64e8bc9) Importer(815301076,1909f56bfc062723c751e8b465ee728b)  -> (artifact id: '5164c7ac4a1dbd5ba82a0dab7c293585') in 0.250705 seconds 
========================================================================
Received Import Request.
  Time since last request: 0.000052 seconds.
  path: Assets/Scenes/cn_f_8.jpeg
  artifactKey: Guid(94ce21e9aa3c3994e8dec2f8787a019c) Importer(815301076,1909f56bfc062723c751e8b465ee728b)
Start importing Assets/Scenes/cn_f_8.jpeg using Guid(94ce21e9aa3c3994e8dec2f8787a019c) Importer(815301076,1909f56bfc062723c751e8b465ee728b)  -> (artifact id: '8a5aa186b631d97996ec510db63b537e') in 0.038832 seconds 
========================================================================
Received Import Request.
  Time since last request: 0.000055 seconds.
  path: Assets/Scenes/cn_r1_20.jpeg
  artifactKey: Guid(1229d8483a62c2847879d828a895e160) Importer(815301076,1909f56bfc062723c751e8b465ee728b)
Start importing Assets/Scenes/cn_r1_20.jpeg using Guid(1229d8483a62c2847879d828a895e160) Importer(815301076,1909f56bfc062723c751e8b465ee728b)  -> (artifact id: '888207d268aec56ed15b50a0402227ab') in 0.031176 seconds 
========================================================================
Received Import Request.
  Time since last request: 0.000041 seconds.
  path: Assets/Scenes/New Material 3.mat
  artifactKey: Guid(eeacd0cdb72fc0a44866eb491da12516) Importer(815301076,1909f56bfc062723c751e8b465ee728b)
Start importing Assets/Scenes/New Material 3.mat using Guid(eeacd0cdb72fc0a44866eb491da12516) Importer(815301076,1909f56bfc062723c751e8b465ee728b)  -> (artifact id: '515066cadd6ad84e91e8efcd68384b90') in 0.583624 seconds 
========================================================================
Received Import Request.
  Time since last request: 0.000043 seconds.
  path: Assets/Scenes/cn_rs_60.jpeg
  artifactKey: Guid(04c5f1e7a67f2fe43ae6fbba88952aa7) Importer(815301076,1909f56bfc062723c751e8b465ee728b)
Start importing Assets/Scenes/cn_rs_60.jpeg using Guid(04c5f1e7a67f2fe43ae6fbba88952aa7) Importer(815301076,1909f56bfc062723c751e8b465ee728b)  -> (artifact id: '404eea4a71f85a798a924921876d3c65') in 0.038447 seconds 
========================================================================
Received Import Request.
  Time since last request: 0.000065 seconds.
  path: Assets/Scenes/cn_fcb_57.jpeg
  artifactKey: Guid(a9aec2844daf8524bb47719ae761dd56) Importer(815301076,1909f56bfc062723c751e8b465ee728b)
Start importing Assets/Scenes/cn_fcb_57.jpeg using Guid(a9aec2844daf8524bb47719ae761dd56) Importer(815301076,1909f56bfc062723c751e8b465ee728b)  -> (artifact id: 'fbae88ad7b89cad9c42eb3999dcbb613') in 0.024983 seconds 
========================================================================
Received Import Request.
  Time since last request: 0.000044 seconds.
  path: Assets/Scenes/cn_f_2.jpeg
  artifactKey: Guid(4bd9ea7a9540fbe479d7873e19593305) Importer(815301076,1909f56bfc062723c751e8b465ee728b)
Start importing Assets/Scenes/cn_f_2.jpeg using Guid(4bd9ea7a9540fbe479d7873e19593305) Importer(815301076,1909f56bfc062723c751e8b465ee728b)  -> (artifact id: '9167627bc5d20f3b2c72a2c95cb422a3') in 0.027990 seconds 
========================================================================
Received Import Request.
  Time since last request: 0.000040 seconds.
  path: Assets/Scenes/cn_bbs_34.jpeg
  artifactKey: Guid(742fffeab3caa3f4a9d1ab0af43831e6) Importer(815301076,1909f56bfc062723c751e8b465ee728b)
Start importing Assets/Scenes/cn_bbs_34.jpeg using Guid(742fffeab3caa3f4a9d1ab0af43831e6) Importer(815301076,1909f56bfc062723c751e8b465ee728b)  -> (artifact id: 'f4b168e0ba29e8df580bea5f55d7df0b') in 0.025134 seconds 
========================================================================
Received Import Request.
  Time since last request: 0.000039 seconds.
  path: Assets/Scenes/cn_rs_54.jpeg
  artifactKey: Guid(856ceb5bd2d06d34c9d8338670658a9e) Importer(815301076,1909f56bfc062723c751e8b465ee728b)
Start importing Assets/Scenes/cn_rs_54.jpeg using Guid(856ceb5bd2d06d34c9d8338670658a9e) Importer(815301076,1909f56bfc062723c751e8b465ee728b)  -> (artifact id: '899d858e05c7967480a07f130419fa8b') in 0.024171 seconds 
========================================================================
Received Import Request.
  Time since last request: 0.000033 seconds.
  path: Assets/Scenes/cn_rs.jpeg
  artifactKey: Guid(8f7289ba98753514e8a30462a069a9f3) Importer(815301076,1909f56bfc062723c751e8b465ee728b)
Start importing Assets/Scenes/cn_rs.jpeg using Guid(8f7289ba98753514e8a30462a069a9f3) Importer(815301076,1909f56bfc062723c751e8b465ee728b)  -> (artifact id: 'e54fc7c723d903d64d85844f2e831b7a') in 0.025960 seconds 
========================================================================
Received Import Request.
  Time since last request: 0.000030 seconds.
  path: Assets/Scenes/cn_f_4.jpeg
  artifactKey: Guid(3acaf8ccb8d91cf44860d566283b6720) Importer(815301076,1909f56bfc062723c751e8b465ee728b)
Start importing Assets/Scenes/cn_f_4.jpeg using Guid(3acaf8ccb8d91cf44860d566283b6720) Importer(815301076,1909f56bfc062723c751e8b465ee728b)  -> (artifact id: '90d8456497264cab42269a3f4a2f5797') in 0.030151 seconds 
========================================================================
Received Import Request.
  Time since last request: 0.000041 seconds.
  path: Assets/Scenes/cn_f_5.jpeg
  artifactKey: Guid(d1d09a7b6cd846743ba448271b6b9411) Importer(815301076,1909f56bfc062723c751e8b465ee728b)
Start importing Assets/Scenes/cn_f_5.jpeg using Guid(d1d09a7b6cd846743ba448271b6b9411) Importer(815301076,1909f56bfc062723c751e8b465ee728b)  -> (artifact id: '325804913a112fefbcc5661291e98376') in 0.027264 seconds 
========================================================================
Received Import Request.
  Time since last request: 0.000065 seconds.
  path: Assets/Scenes/cn_r1_21.jpeg
  artifactKey: Guid(d0fdf28a92c200645b66bb27794ad08d) Importer(815301076,1909f56bfc062723c751e8b465ee728b)
Start importing Assets/Scenes/cn_r1_21.jpeg using Guid(d0fdf28a92c200645b66bb27794ad08d) Importer(815301076,1909f56bfc062723c751e8b465ee728b)  -> (artifact id: '7df9040f5b07ca8b7e327f76aa2068d5') in 0.026897 seconds 
========================================================================
Received Import Request.
  Time since last request: 0.000052 seconds.
  path: Assets/Scenes/cn_rs_48.jpeg
  artifactKey: Guid(b197cef254649244eb3ee762a2bade55) Importer(815301076,1909f56bfc062723c751e8b465ee728b)
Start importing Assets/Scenes/cn_rs_48.jpeg using Guid(b197cef254649244eb3ee762a2bade55) Importer(815301076,1909f56bfc062723c751e8b465ee728b)  -> (artifact id: 'eab4302ecb7400ab43cf3fe463e16b27') in 0.023826 seconds 
========================================================================
Received Import Request.
  Time since last request: 0.000039 seconds.
  path: Assets/Scenes/cn_rs_55.jpeg
  artifactKey: Guid(78da8ad6284a6eb47afa3c9178ea40f6) Importer(815301076,1909f56bfc062723c751e8b465ee728b)
Start importing Assets/Scenes/cn_rs_55.jpeg using Guid(78da8ad6284a6eb47afa3c9178ea40f6) Importer(815301076,1909f56bfc062723c751e8b465ee728b)  -> (artifact id: 'a9f784d4fd3e2e0cc817682b6b6ed997') in 0.028893 seconds 
========================================================================
Received Import Request.
  Time since last request: 0.000055 seconds.
  path: Assets/Scenes/cn_r1_15.jpeg
  artifactKey: Guid(73a7c12dce2b33f47b3dfd2be3691e82) Importer(815301076,1909f56bfc062723c751e8b465ee728b)
Start importing Assets/Scenes/cn_r1_15.jpeg using Guid(73a7c12dce2b33f47b3dfd2be3691e82) Importer(815301076,1909f56bfc062723c751e8b465ee728b)  -> (artifact id: '3c3886129ce9f567d4a0407e80c7e84c') in 0.033039 seconds 
========================================================================
Received Import Request.
  Time since last request: 0.000043 seconds.
  path: Assets/Scenes/cn_bs.jpeg
  artifactKey: Guid(5787914e4a5c0be4d974f74b61bacf5f) Importer(815301076,1909f56bfc062723c751e8b465ee728b)
Start importing Assets/Scenes/cn_bs.jpeg using Guid(5787914e4a5c0be4d974f74b61bacf5f) Importer(815301076,1909f56bfc062723c751e8b465ee728b)  -> (artifact id: '0045e4ce8feea5ad5474dcd9cf2722b8') in 0.030208 seconds 
========================================================================
Received Import Request.
  Time since last request: 0.000052 seconds.
  path: Assets/Scenes/cn_rs_64.jpeg
  artifactKey: Guid(778b3be22dcf7434b95cfd59efa9ae06) Importer(815301076,1909f56bfc062723c751e8b465ee728b)
Start importing Assets/Scenes/cn_rs_64.jpeg using Guid(778b3be22dcf7434b95cfd59efa9ae06) Importer(815301076,1909f56bfc062723c751e8b465ee728b)  -> (artifact id: '762e1ba3fd6a460c64252b929653fb68') in 0.029797 seconds 
========================================================================
Received Import Request.
  Time since last request: 0.000054 seconds.
  path: Assets/Scenes/cn_r1_12.jpeg
  artifactKey: Guid(4295bf6572af6fb4e8868b03b68466bf) Importer(815301076,1909f56bfc062723c751e8b465ee728b)
Start importing Assets/Scenes/cn_r1_12.jpeg using Guid(4295bf6572af6fb4e8868b03b68466bf) Importer(815301076,1909f56bfc062723c751e8b465ee728b)  -> (artifact id: '40c4cdc3c811dec7238057ec8f87252c') in 0.027672 seconds 
========================================================================
Received Import Request.
  Time since last request: 0.000043 seconds.
  path: Assets/Scenes/cnscf2_10.jpeg
  artifactKey: Guid(4e0559c67114f964f8099c405b211ec9) Importer(815301076,1909f56bfc062723c751e8b465ee728b)
Start importing Assets/Scenes/cnscf2_10.jpeg using Guid(4e0559c67114f964f8099c405b211ec9) Importer(815301076,1909f56bfc062723c751e8b465ee728b)  -> (artifact id: 'cf6bba69884c828b97eace573b2dc100') in 0.019057 seconds 
========================================================================
Received Import Request.
  Time since last request: 0.000042 seconds.
  path: Assets/Scenes/cn_bs_32.jpeg
  artifactKey: Guid(5cfc879ba324c8141b061e84607b6a82) Importer(815301076,1909f56bfc062723c751e8b465ee728b)
Start importing Assets/Scenes/cn_bs_32.jpeg using Guid(5cfc879ba324c8141b061e84607b6a82) Importer(815301076,1909f56bfc062723c751e8b465ee728b)  -> (artifact id: 'c69a3c2fde3d4d26ac840f11d0788c8c') in 0.028239 seconds 
========================================================================
Received Import Request.
  Time since last request: 0.000038 seconds.
  path: Assets/Scenes/stadium.obj
  artifactKey: Guid(ef629540e68843d4ab725b0961e253da) Importer(815301076,1909f56bfc062723c751e8b465ee728b)
Start importing Assets/Scenes/stadium.obj using Guid(ef629540e68843d4ab725b0961e253da) Importer(815301076,1909f56bfc062723c751e8b465ee728b)  -> (artifact id: '986e5ce5b60632f0b9d06f891d9cdcc5') in 0.142975 seconds 
========================================================================
Received Import Request.
  Time since last request: 0.000045 seconds.
  path: Assets/Scenes/cn_r1_16.jpeg
  artifactKey: Guid(a35ba5580510be945915c053f5420e09) Importer(815301076,1909f56bfc062723c751e8b465ee728b)
Start importing Assets/Scenes/cn_r1_16.jpeg using Guid(a35ba5580510be945915c053f5420e09) Importer(815301076,1909f56bfc062723c751e8b465ee728b)  -> (artifact id: 'e4d054b12cf0ea988a4cfc274b580a02') in 0.032571 seconds 
========================================================================
Received Import Request.
  Time since last request: 0.000061 seconds.
  path: Assets/Scenes/New Material 1.mat
  artifactKey: Guid(95cc4996fd3af604cb02851d0edc6497) Importer(815301076,1909f56bfc062723c751e8b465ee728b)
Start importing Assets/Scenes/New Material 1.mat using Guid(95cc4996fd3af604cb02851d0edc6497) Importer(815301076,1909f56bfc062723c751e8b465ee728b)  -> (artifact id: 'bba32a4a7285b4fbec819203a14f47f9') in 0.035466 seconds 
========================================================================
Received Import Request.
  Time since last request: 0.000055 seconds.
  path: Assets/Scenes/cn_rt.jpeg
  artifactKey: Guid(e32f2da6a3e5bc94cb6e5da59e29abc7) Importer(815301076,1909f56bfc062723c751e8b465ee728b)
Start importing Assets/Scenes/cn_rt.jpeg using Guid(e32f2da6a3e5bc94cb6e5da59e29abc7) Importer(815301076,1909f56bfc062723c751e8b465ee728b)  -> (artifact id: '5d0554f88510824d233902976f904586') in 0.026970 seconds 
========================================================================
Received Import Request.
  Time since last request: 0.000056 seconds.
  path: Assets/Scenes/cn_f_0.jpeg
  artifactKey: Guid(99996918274e6ea488355be4245a1823) Importer(815301076,1909f56bfc062723c751e8b465ee728b)
Start importing Assets/Scenes/cn_f_0.jpeg using Guid(99996918274e6ea488355be4245a1823) Importer(815301076,1909f56bfc062723c751e8b465ee728b)  -> (artifact id: '0efa37f523f9c207e0f0626c69125410') in 0.028144 seconds 
========================================================================
Received Import Request.
  Time since last request: 0.000046 seconds.
  path: Assets/Scenes/cn_r1_11.jpeg
  artifactKey: Guid(df33da64e65ca75459c74d6474f91343) Importer(815301076,1909f56bfc062723c751e8b465ee728b)
Start importing Assets/Scenes/cn_r1_11.jpeg using Guid(df33da64e65ca75459c74d6474f91343) Importer(815301076,1909f56bfc062723c751e8b465ee728b)  -> (artifact id: '57f8229851f3625ba651ae6c67bbb231') in 0.047174 seconds 
========================================================================
Received Import Request.
  Time since last request: 0.000055 seconds.
  path: Assets/Scenes/cn_r1_14.jpeg
  artifactKey: Guid(0fadf5c9a014a7f4cabbeb446bc4f5f6) Importer(815301076,1909f56bfc062723c751e8b465ee728b)
Start importing Assets/Scenes/cn_r1_14.jpeg using Guid(0fadf5c9a014a7f4cabbeb446bc4f5f6) Importer(815301076,1909f56bfc062723c751e8b465ee728b)  -> (artifact id: 'ad7f66375da69d336f64ad31a9a004cb') in 0.040066 seconds 
========================================================================
Received Import Request.
  Time since last request: 0.000089 seconds.
  path: Assets/Scenes/cn_f_6.jpeg
  artifactKey: Guid(affe5621a5da9a24999de745e5baf82f) Importer(815301076,1909f56bfc062723c751e8b465ee728b)
Start importing Assets/Scenes/cn_f_6.jpeg using Guid(affe5621a5da9a24999de745e5baf82f) Importer(815301076,1909f56bfc062723c751e8b465ee728b)  -> (artifact id: '04ded00d00a8bf9d8be7b0e5f88ea12a') in 0.041548 seconds 
========================================================================
Received Import Request.
  Time since last request: 0.000053 seconds.
  path: Assets/Scenes/cn_bs_31.jpeg
  artifactKey: Guid(cb4c8a6d22285e648bb9ff6f35fe55fe) Importer(815301076,1909f56bfc062723c751e8b465ee728b)
Start importing Assets/Scenes/cn_bs_31.jpeg using Guid(cb4c8a6d22285e648bb9ff6f35fe55fe) Importer(815301076,1909f56bfc062723c751e8b465ee728b)  -> (artifact id: 'b73a1bcf7bb7be6ca0e02301c828ffc7') in 0.083694 seconds 
========================================================================
Received Import Request.
  Time since last request: 0.000040 seconds.
  path: Assets/Scenes/cn_mqc.jpeg
  artifactKey: Guid(eed1e78a6e872d548838e2668257ee3f) Importer(815301076,1909f56bfc062723c751e8b465ee728b)
Start importing Assets/Scenes/cn_mqc.jpeg using Guid(eed1e78a6e872d548838e2668257ee3f) Importer(815301076,1909f56bfc062723c751e8b465ee728b)  -> (artifact id: '108689049076ee1408c74fc112b7becd') in 0.030618 seconds 
========================================================================
Received Import Request.
  Time since last request: 0.000047 seconds.
  path: Assets/Scenes/cn_r1_24.jpeg
  artifactKey: Guid(3c1e868cc0c7fba4e85b8e7a6c0ae0c9) Importer(815301076,1909f56bfc062723c751e8b465ee728b)
Start importing Assets/Scenes/cn_r1_24.jpeg using Guid(3c1e868cc0c7fba4e85b8e7a6c0ae0c9) Importer(815301076,1909f56bfc062723c751e8b465ee728b)  -> (artifact id: 'a3e6f581439358b840e4dbcb11e03bfc') in 0.035737 seconds 
========================================================================
Received Import Request.
  Time since last request: 0.000054 seconds.
  path: Assets/Scenes/New Render Texture.renderTexture
  artifactKey: Guid(6943cb6e16ea164419eb7a15cfc3f330) Importer(815301076,1909f56bfc062723c751e8b465ee728b)
Start importing Assets/Scenes/New Render Texture.renderTexture using Guid(6943cb6e16ea164419eb7a15cfc3f330) Importer(815301076,1909f56bfc062723c751e8b465ee728b)  -> (artifact id: 'f990ddb8a2ff2d8f68de49d9b81587b1') in 0.051135 seconds 
========================================================================
Received Import Request.
  Time since last request: 0.000074 seconds.
  path: Assets/Scenes/cn_r2.jpeg
  artifactKey: Guid(44a75a87af49def44b71e6ff1d57a85d) Importer(815301076,1909f56bfc062723c751e8b465ee728b)
Start importing Assets/Scenes/cn_r2.jpeg using Guid(44a75a87af49def44b71e6ff1d57a85d) Importer(815301076,1909f56bfc062723c751e8b465ee728b)  -> (artifact id: '7c4b33ff093e38a6368e2ca8de274f44') in 0.033769 seconds 
========================================================================
Received Import Request.
  Time since last request: 0.000043 seconds.
  path: Assets/Scenes/cn_rs_62.jpeg
  artifactKey: Guid(92acac8a7f9cc5b4595433846d98ef9e) Importer(815301076,1909f56bfc062723c751e8b465ee728b)
Start importing Assets/Scenes/cn_rs_62.jpeg using Guid(92acac8a7f9cc5b4595433846d98ef9e) Importer(815301076,1909f56bfc062723c751e8b465ee728b)  -> (artifact id: '709b91893391bc7b6d57768b7b144be8') in 0.041818 seconds 
========================================================================
Received Import Request.
  Time since last request: 0.000059 seconds.
  path: Assets/Scenes/cn_rs_38.jpeg
  artifactKey: Guid(e936e5fe7401a5540889ea5149f13650) Importer(815301076,1909f56bfc062723c751e8b465ee728b)
Start importing Assets/Scenes/cn_rs_38.jpeg using Guid(e936e5fe7401a5540889ea5149f13650) Importer(815301076,1909f56bfc062723c751e8b465ee728b)  -> (artifact id: '55b0e051db509257b03293bb1b483f49') in 0.038788 seconds 
========================================================================
Received Import Request.
  Time since last request: 0.000048 seconds.
  path: Assets/Scenes/cn_fcb_56.jpeg
  artifactKey: Guid(807bab05e6a84044caebab0587e7cbdb) Importer(815301076,1909f56bfc062723c751e8b465ee728b)
Start importing Assets/Scenes/cn_fcb_56.jpeg using Guid(807bab05e6a84044caebab0587e7cbdb) Importer(815301076,1909f56bfc062723c751e8b465ee728b)  -> (artifact id: '39fe99bf3bfd0e537023bfaff6b863e0') in 0.052563 seconds 
========================================================================
Received Import Request.
  Time since last request: 0.000082 seconds.
  path: Assets/Scenes/cn_bbs.jpeg
  artifactKey: Guid(211b2458ca848a447ae7972ee5df27c0) Importer(815301076,1909f56bfc062723c751e8b465ee728b)
Start importing Assets/Scenes/cn_bbs.jpeg using Guid(211b2458ca848a447ae7972ee5df27c0) Importer(815301076,1909f56bfc062723c751e8b465ee728b)  -> (artifact id: '33366a20f2cb177c3846f5e465a61535') in 0.041744 seconds 
========================================================================
Received Import Request.
  Time since last request: 0.000084 seconds.
  path: Assets/Scenes/New Material.mat
  artifactKey: Guid(bd765c3f5b4f28540be01f8fd7961d90) Importer(815301076,1909f56bfc062723c751e8b465ee728b)
Start importing Assets/Scenes/New Material.mat using Guid(bd765c3f5b4f28540be01f8fd7961d90) Importer(815301076,1909f56bfc062723c751e8b465ee728b)  -> (artifact id: 'e13ee7c6165b5bb1be37c4da2138f83b') in 0.043767 seconds 
========================================================================
Received Import Request.
  Time since last request: 0.000062 seconds.
  path: Assets/Scenes/cn_mqc_59.jpeg
  artifactKey: Guid(88a82f4e838777247ab30b5d7a5a52db) Importer(815301076,1909f56bfc062723c751e8b465ee728b)
Start importing Assets/Scenes/cn_mqc_59.jpeg using Guid(88a82f4e838777247ab30b5d7a5a52db) Importer(815301076,1909f56bfc062723c751e8b465ee728b)  -> (artifact id: 'bd1339489edabf46c78ed4f13c838e8f') in 0.031242 seconds 
========================================================================
Received Import Request.
  Time since last request: 0.000034 seconds.
  path: Assets/Scenes/CampNou.fbx
  artifactKey: Guid(042f1c4d320185f4aa0607d811cbc393) Importer(815301076,1909f56bfc062723c751e8b465ee728b)
Start importing Assets/Scenes/CampNou.fbx using Guid(042f1c4d320185f4aa0607d811cbc393) Importer(815301076,1909f56bfc062723c751e8b465ee728b)  -> (artifact id: '5f70648c331303c0ad265f0e23d69302') in 2.208772 seconds 
========================================================================
Received Import Request.
  Time since last request: 41.085704 seconds.
  path: Assets/Scenes/MoveLight1.cs
  artifactKey: Guid(7afec91e0df0ff240ba83f76a22f715f) Importer(815301076,1909f56bfc062723c751e8b465ee728b)
Start importing Assets/Scenes/MoveLight1.cs using Guid(7afec91e0df0ff240ba83f76a22f715f) Importer(815301076,1909f56bfc062723c751e8b465ee728b)  -> (artifact id: '18d782810f5dce751ef1bb170c3b4b9e') in 0.026157 seconds 
========================================================================
Received Import Request.
  Time since last request: 7.873830 seconds.
  path: Assets/Scenes/MoveLight.cs
  artifactKey: Guid(b304209954b18a64fb17e9666d44f78d) Importer(815301076,1909f56bfc062723c751e8b465ee728b)
Start importing Assets/Scenes/MoveLight.cs using Guid(b304209954b18a64fb17e9666d44f78d) Importer(815301076,1909f56bfc062723c751e8b465ee728b)  -> (artifact id: '049adf6c07db70932a58fb85097bac34') in 0.019831 seconds 
========================================================================
Received Import Request.
  Time since last request: 191.323874 seconds.
  path: Assets/MoveLight1.cs
  artifactKey: Guid(99815e83c8ee7564bb50e7b5a9d4337e) Importer(815301076,1909f56bfc062723c751e8b465ee728b)
Start importing Assets/MoveLight1.cs using Guid(99815e83c8ee7564bb50e7b5a9d4337e) Importer(815301076,1909f56bfc062723c751e8b465ee728b)  -> (artifact id: '045c1ac4709f808675852bc5b1f3cea9') in 0.004249 seconds 
========================================================================
Received Import Request.
  Time since last request: 35.692218 seconds.
  path: Assets/Scenes/MoveCamera.cs
  artifactKey: Guid(98d14eef014c45444bdcbd8161b95929) Importer(815301076,1909f56bfc062723c751e8b465ee728b)
Start importing Assets/Scenes/MoveCamera.cs using Guid(98d14eef014c45444bdcbd8161b95929) Importer(815301076,1909f56bfc062723c751e8b465ee728b)  -> (artifact id: '0cc99aadf0243340270a1e89bbe9fdf6') in 0.014109 seconds 
========================================================================
Received Prepare
Registering precompiled user dll's ...
Registered in 0.014868 seconds.
Begin MonoManager ReloadAssembly
Symbol file LoadedFromMemory doesn't match image C:\Users\na\Camp Nou\Library\PackageCache\com.unity.visualscripting@1.7.8\Editor\VisualScripting.Core\Dependencies\YamlDotNet\Unity.VisualScripting.YamlDotNet.dll
Symbol file LoadedFromMemory doesn't match image C:\Users\na\Camp Nou\Library\PackageCache\com.unity.visualscripting@1.7.8\Editor\VisualScripting.Core\Dependencies\DotNetZip\Unity.VisualScripting.IonicZip.dll
Native extension for WindowsStandalone target not found
Native extension for WebGL target not found
Refreshing native plugins compatible for Editor in 1.98 ms, found 3 plugins.
Preloading 0 native plugins for Editor in 0.00 ms.
Mono: successfully reloaded assembly
- Completed reload, in  2.717 seconds
Domain Reload Profiling:
	ReloadAssembly (2719ms)
		BeginReloadAssembly (341ms)
			ExecutionOrderSort (0ms)
			DisableScriptedObjects (11ms)
			BackupInstance (0ms)
			ReleaseScriptingObjects (0ms)
			CreateAndSetChildDomain (85ms)
		EndReloadAssembly (2063ms)
			LoadAssemblies (220ms)
			RebuildTransferFunctionScriptingTraits (0ms)
			SetupTypeCache (732ms)
			ReleaseScriptCaches (2ms)
			RebuildScriptCaches (107ms)
			SetupLoadedEditorAssemblies (897ms)
				LogAssemblyErrors (0ms)
				InitializePlatformSupportModulesInManaged (46ms)
				SetLoadedEditorAssemblies (2ms)
				RefreshPlugins (2ms)
				BeforeProcessingInitializeOnLoad (171ms)
				ProcessInitializeOnLoadAttributes (571ms)
				ProcessInitializeOnLoadMethodAttributes (82ms)
				AfterProcessingInitializeOnLoad (22ms)
				EditorAssembliesLoaded (1ms)
			ExecutionOrderSort2 (0ms)
			AwakeInstancesAfterBackupRestoration (17ms)
Platform modules already initialized, skipping
Refreshing native plugins compatible for Editor in 4.08 ms, found 3 plugins.
Preloading 0 native plugins for Editor in 0.00 ms.
Unloading 3374 Unused Serialized files (Serialized files now loaded: 0)
Unloading 24 unused Assets / (78.6 KB). Loaded Objects now: 3913.
Memory consumption went from 133.8 MB to 133.7 MB.
Total: 8.654300 ms (FindLiveObjects: 0.615200 ms CreateObjectMapping: 0.406700 ms MarkObjects: 7.426300 ms  DeleteObjects: 0.203300 ms)

AssetImportParameters requested are different than current active one (requested -> active):
  custom:video-decoder-ogg-theora: a1e56fd34408186e4bbccfd4996cb3dc -> 
  custom:container-muxer-webm: aa71ff27fc2769a1b78a27578f13a17b -> 
  custom:container-demuxer-webm: 4f35f7cbe854078d1ac9338744f61a02 -> 
  custom:video-encoder-webm-vp8: eb34c28f22e8b96e1ab97ce403110664 -> 
  custom:audio-encoder-webm-vorbis: bf7c407c2cedff20999df2af8eb42d56 -> 
  custom:framework-win-MediaFoundation: 216162199b28c13a410421893ffa2e32 -> 
  custom:container-demuxer-ogg: 62fdf1f143b41e24485cea50d1cbac27 -> 
  custom:video-decoder-webm-vp8: 9c59270c3fd7afecdb556c50c9e8de78 -> 
  custom:audio-decoder-ogg-vorbis: bf7c407c2cedff20999df2af8eb42d56 -> 
========================================================================
Received Import Request.
  Time since last request: 72.257546 seconds.
  path: Assets/MoveCamera.cs
  artifactKey: Guid(62943ea81e3b55c4db1b9dd51ba63b0c) Importer(815301076,1909f56bfc062723c751e8b465ee728b)
Start importing Assets/MoveCamera.cs using Guid(62943ea81e3b55c4db1b9dd51ba63b0c) Importer(815301076,1909f56bfc062723c751e8b465ee728b)  -> (artifact id: 'b0603ff5c536774ca59d3cc85b34f34c') in 0.016724 seconds 
========================================================================
Received Prepare
Registering precompiled user dll's ...
Registered in 0.011933 seconds.
Begin MonoManager ReloadAssembly
Symbol file LoadedFromMemory doesn't match image C:\Users\na\Camp Nou\Library\PackageCache\com.unity.visualscripting@1.7.8\Editor\VisualScripting.Core\Dependencies\YamlDotNet\Unity.VisualScripting.YamlDotNet.dll
Symbol file LoadedFromMemory doesn't match image C:\Users\na\Camp Nou\Library\PackageCache\com.unity.visualscripting@1.7.8\Editor\VisualScripting.Core\Dependencies\DotNetZip\Unity.VisualScripting.IonicZip.dll
Native extension for WindowsStandalone target not found
Native extension for WebGL target not found
Refreshing native plugins compatible for Editor in 1.28 ms, found 3 plugins.
Preloading 0 native plugins for Editor in 0.00 ms.
Mono: successfully reloaded assembly
- Completed reload, in  4.836 seconds
Domain Reload Profiling:
	ReloadAssembly (4840ms)
		BeginReloadAssembly (366ms)
			ExecutionOrderSort (0ms)
			DisableScriptedObjects (17ms)
			BackupInstance (0ms)
			ReleaseScriptingObjects (0ms)
			CreateAndSetChildDomain (106ms)
		EndReloadAssembly (4000ms)
			LoadAssemblies (312ms)
			RebuildTransferFunctionScriptingTraits (0ms)
			SetupTypeCache (1495ms)
			ReleaseScriptCaches (4ms)
			RebuildScriptCaches (251ms)
			SetupLoadedEditorAssemblies (1595ms)
				LogAssemblyErrors (0ms)
				InitializePlatformSupportModulesInManaged (73ms)
				SetLoadedEditorAssemblies (2ms)
				RefreshPlugins (1ms)
				BeforeProcessingInitializeOnLoad (314ms)
				ProcessInitializeOnLoadAttributes (1043ms)
				ProcessInitializeOnLoadMethodAttributes (128ms)
				AfterProcessingInitializeOnLoad (33ms)
				EditorAssembliesLoaded (1ms)
			ExecutionOrderSort2 (0ms)
			AwakeInstancesAfterBackupRestoration (24ms)
Platform modules already initialized, skipping
Refreshing native plugins compatible for Editor in 6.67 ms, found 3 plugins.
Preloading 0 native plugins for Editor in 0.00 ms.
Unloading 3374 Unused Serialized files (Serialized files now loaded: 0)
Unloading 20 unused Assets / (78.6 KB). Loaded Objects now: 3916.
Memory consumption went from 133.8 MB to 133.7 MB.
Total: 7.239100 ms (FindLiveObjects: 0.444300 ms CreateObjectMapping: 0.287100 ms MarkObjects: 6.329100 ms  DeleteObjects: 0.176500 ms)

AssetImportParameters requested are different than current active one (requested -> active):
  custom:video-decoder-ogg-theora: a1e56fd34408186e4bbccfd4996cb3dc -> 
  custom:container-muxer-webm: aa71ff27fc2769a1b78a27578f13a17b -> 
  custom:container-demuxer-webm: 4f35f7cbe854078d1ac9338744f61a02 -> 
  custom:video-encoder-webm-vp8: eb34c28f22e8b96e1ab97ce403110664 -> 
  custom:audio-encoder-webm-vorbis: bf7c407c2cedff20999df2af8eb42d56 -> 
  custom:framework-win-MediaFoundation: 216162199b28c13a410421893ffa2e32 -> 
  custom:container-demuxer-ogg: 62fdf1f143b41e24485cea50d1cbac27 -> 
  custom:video-decoder-webm-vp8: 9c59270c3fd7afecdb556c50c9e8de78 -> 
  custom:audio-decoder-ogg-vorbis: bf7c407c2cedff20999df2af8eb42d56 -> 
========================================================================
Received Prepare
Registering precompiled user dll's ...
Registered in 0.013205 seconds.
Begin MonoManager ReloadAssembly
Symbol file LoadedFromMemory doesn't match image C:\Users\na\Camp Nou\Library\PackageCache\com.unity.visualscripting@1.7.8\Editor\VisualScripting.Core\Dependencies\YamlDotNet\Unity.VisualScripting.YamlDotNet.dll
Symbol file LoadedFromMemory doesn't match image C:\Users\na\Camp Nou\Library\PackageCache\com.unity.visualscripting@1.7.8\Editor\VisualScripting.Core\Dependencies\DotNetZip\Unity.VisualScripting.IonicZip.dll
Native extension for WindowsStandalone target not found
Native extension for WebGL target not found
Refreshing native plugins compatible for Editor in 4.62 ms, found 3 plugins.
Preloading 0 native plugins for Editor in 0.00 ms.
Mono: successfully reloaded assembly
- Completed reload, in  4.713 seconds
Domain Reload Profiling:
	ReloadAssembly (4718ms)
		BeginReloadAssembly (343ms)
			ExecutionOrderSort (0ms)
			DisableScriptedObjects (19ms)
			BackupInstance (0ms)
			ReleaseScriptingObjects (0ms)
			CreateAndSetChildDomain (81ms)
		EndReloadAssembly (4056ms)
			LoadAssemblies (209ms)
			RebuildTransferFunctionScriptingTraits (0ms)
			SetupTypeCache (1349ms)
			ReleaseScriptCaches (5ms)
			RebuildScriptCaches (230ms)
			SetupLoadedEditorAssemblies (1861ms)
				LogAssemblyErrors (0ms)
				InitializePlatformSupportModulesInManaged (103ms)
				SetLoadedEditorAssemblies (3ms)
				RefreshPlugins (5ms)
				BeforeProcessingInitializeOnLoad (376ms)
				ProcessInitializeOnLoadAttributes (1181ms)
				ProcessInitializeOnLoadMethodAttributes (163ms)
				AfterProcessingInitializeOnLoad (28ms)
				EditorAssembliesLoaded (2ms)
			ExecutionOrderSort2 (0ms)
			AwakeInstancesAfterBackupRestoration (35ms)
Platform modules already initialized, skipping
Refreshing native plugins compatible for Editor in 4.78 ms, found 3 plugins.
Preloading 0 native plugins for Editor in 0.00 ms.
Unloading 3374 Unused Serialized files (Serialized files now loaded: 0)
Unloading 20 unused Assets / (78.6 KB). Loaded Objects now: 3919.
Memory consumption went from 133.8 MB to 133.8 MB.
Total: 9.364100 ms (FindLiveObjects: 0.518400 ms CreateObjectMapping: 0.359300 ms MarkObjects: 8.221100 ms  DeleteObjects: 0.262500 ms)

AssetImportParameters requested are different than current active one (requested -> active):
  custom:video-decoder-ogg-theora: a1e56fd34408186e4bbccfd4996cb3dc -> 
  custom:container-muxer-webm: aa71ff27fc2769a1b78a27578f13a17b -> 
  custom:container-demuxer-webm: 4f35f7cbe854078d1ac9338744f61a02 -> 
  custom:video-encoder-webm-vp8: eb34c28f22e8b96e1ab97ce403110664 -> 
  custom:audio-encoder-webm-vorbis: bf7c407c2cedff20999df2af8eb42d56 -> 
  custom:framework-win-MediaFoundation: 216162199b28c13a410421893ffa2e32 -> 
  custom:container-demuxer-ogg: 62fdf1f143b41e24485cea50d1cbac27 -> 
  custom:video-decoder-webm-vp8: 9c59270c3fd7afecdb556c50c9e8de78 -> 
  custom:audio-decoder-ogg-vorbis: bf7c407c2cedff20999df2af8eb42d56 -> 
========================================================================
Received Prepare
Registering precompiled user dll's ...
Registered in 0.014468 seconds.
Begin MonoManager ReloadAssembly
Symbol file LoadedFromMemory doesn't match image C:\Users\na\Camp Nou\Library\PackageCache\com.unity.visualscripting@1.7.8\Editor\VisualScripting.Core\Dependencies\YamlDotNet\Unity.VisualScripting.YamlDotNet.dll
Symbol file LoadedFromMemory doesn't match image C:\Users\na\Camp Nou\Library\PackageCache\com.unity.visualscripting@1.7.8\Editor\VisualScripting.Core\Dependencies\DotNetZip\Unity.VisualScripting.IonicZip.dll
Native extension for WindowsStandalone target not found
Native extension for WebGL target not found
Refreshing native plugins compatible for Editor in 1.84 ms, found 3 plugins.
Preloading 0 native plugins for Editor in 0.00 ms.
Mono: successfully reloaded assembly
- Completed reload, in  4.631 seconds
Domain Reload Profiling:
	ReloadAssembly (4633ms)
		BeginReloadAssembly (373ms)
			ExecutionOrderSort (0ms)
			DisableScriptedObjects (16ms)
			BackupInstance (0ms)
			ReleaseScriptingObjects (0ms)
			CreateAndSetChildDomain (96ms)
		EndReloadAssembly (3972ms)
			LoadAssemblies (211ms)
			RebuildTransferFunctionScriptingTraits (0ms)
			SetupTypeCache (1286ms)
			ReleaseScriptCaches (8ms)
			RebuildScriptCaches (243ms)
			SetupLoadedEditorAssemblies (1866ms)
				LogAssemblyErrors (0ms)
				InitializePlatformSupportModulesInManaged (67ms)
				SetLoadedEditorAssemblies (2ms)
				RefreshPlugins (2ms)
				BeforeProcessingInitializeOnLoad (378ms)
				ProcessInitializeOnLoadAttributes (1242ms)
				ProcessInitializeOnLoadMethodAttributes (146ms)
				AfterProcessingInitializeOnLoad (28ms)
				EditorAssembliesLoaded (1ms)
			ExecutionOrderSort2 (0ms)
			AwakeInstancesAfterBackupRestoration (21ms)
Platform modules already initialized, skipping
Refreshing native plugins compatible for Editor in 5.64 ms, found 3 plugins.
Preloading 0 native plugins for Editor in 0.00 ms.
Unloading 3374 Unused Serialized files (Serialized files now loaded: 0)
Unloading 20 unused Assets / (78.6 KB). Loaded Objects now: 3922.
Memory consumption went from 133.8 MB to 133.8 MB.
Total: 7.947900 ms (FindLiveObjects: 0.567700 ms CreateObjectMapping: 0.374800 ms MarkObjects: 6.817000 ms  DeleteObjects: 0.186100 ms)

AssetImportParameters requested are different than current active one (requested -> active):
  custom:video-decoder-ogg-theora: a1e56fd34408186e4bbccfd4996cb3dc -> 
  custom:container-muxer-webm: aa71ff27fc2769a1b78a27578f13a17b -> 
  custom:container-demuxer-webm: 4f35f7cbe854078d1ac9338744f61a02 -> 
  custom:video-encoder-webm-vp8: eb34c28f22e8b96e1ab97ce403110664 -> 
  custom:audio-encoder-webm-vorbis: bf7c407c2cedff20999df2af8eb42d56 -> 
  custom:framework-win-MediaFoundation: 216162199b28c13a410421893ffa2e32 -> 
  custom:container-demuxer-ogg: 62fdf1f143b41e24485cea50d1cbac27 -> 
  custom:video-decoder-webm-vp8: 9c59270c3fd7afecdb556c50c9e8de78 -> 
  custom:audio-decoder-ogg-vorbis: bf7c407c2cedff20999df2af8eb42d56 -> 
========================================================================
Received Import Request.
  Time since last request: 281.416076 seconds.
  path: Assets/Scenes/SampleScene.unity
  artifactKey: Guid(50ce8eecb6613b4459126478e675b415) Importer(815301076,1909f56bfc062723c751e8b465ee728b)
Start importing Assets/Scenes/SampleScene.unity using Guid(50ce8eecb6613b4459126478e675b415) Importer(815301076,1909f56bfc062723c751e8b465ee728b)  -> (artifact id: '6362c87a86015f0fca94201427b3ca18') in 0.027305 seconds 
========================================================================
Received Prepare
Registering precompiled user dll's ...
Registered in 0.014838 seconds.
Begin MonoManager ReloadAssembly
Symbol file LoadedFromMemory doesn't match image C:\Users\na\Camp Nou\Library\PackageCache\com.unity.visualscripting@1.7.8\Editor\VisualScripting.Core\Dependencies\YamlDotNet\Unity.VisualScripting.YamlDotNet.dll
Symbol file LoadedFromMemory doesn't match image C:\Users\na\Camp Nou\Library\PackageCache\com.unity.visualscripting@1.7.8\Editor\VisualScripting.Core\Dependencies\DotNetZip\Unity.VisualScripting.IonicZip.dll
Native extension for WindowsStandalone target not found
Native extension for WebGL target not found
Refreshing native plugins compatible for Editor in 3.25 ms, found 3 plugins.
Preloading 0 native plugins for Editor in 0.00 ms.
Mono: successfully reloaded assembly
- Completed reload, in  4.685 seconds
Domain Reload Profiling:
	ReloadAssembly (4690ms)
		BeginReloadAssembly (364ms)
			ExecutionOrderSort (0ms)
			DisableScriptedObjects (16ms)
			BackupInstance (0ms)
			ReleaseScriptingObjects (0ms)
			CreateAndSetChildDomain (102ms)
		EndReloadAssembly (4038ms)
			LoadAssemblies (217ms)
			RebuildTransferFunctionScriptingTraits (0ms)
			SetupTypeCache (1374ms)
			ReleaseScriptCaches (6ms)
			RebuildScriptCaches (240ms)
			SetupLoadedEditorAssemblies (1789ms)
				LogAssemblyErrors (0ms)
				InitializePlatformSupportModulesInManaged (80ms)
				SetLoadedEditorAssemblies (2ms)
				RefreshPlugins (4ms)
				BeforeProcessingInitializeOnLoad (324ms)
				ProcessInitializeOnLoadAttributes (1178ms)
				ProcessInitializeOnLoadMethodAttributes (159ms)
				AfterProcessingInitializeOnLoad (42ms)
				EditorAssembliesLoaded (1ms)
			ExecutionOrderSort2 (0ms)
			AwakeInstancesAfterBackupRestoration (29ms)
Platform modules already initialized, skipping
Refreshing native plugins compatible for Editor in 8.88 ms, found 3 plugins.
Preloading 0 native plugins for Editor in 0.00 ms.
Unloading 3374 Unused Serialized files (Serialized files now loaded: 0)
Unloading 20 unused Assets / (78.5 KB). Loaded Objects now: 3925.
Memory consumption went from 133.9 MB to 133.8 MB.
Total: 8.157000 ms (FindLiveObjects: 0.554300 ms CreateObjectMapping: 0.375300 ms MarkObjects: 6.954400 ms  DeleteObjects: 0.270500 ms)

AssetImportParameters requested are different than current active one (requested -> active):
  custom:video-decoder-ogg-theora: a1e56fd34408186e4bbccfd4996cb3dc -> 
  custom:container-muxer-webm: aa71ff27fc2769a1b78a27578f13a17b -> 
  custom:container-demuxer-webm: 4f35f7cbe854078d1ac9338744f61a02 -> 
  custom:video-encoder-webm-vp8: eb34c28f22e8b96e1ab97ce403110664 -> 
  custom:audio-encoder-webm-vorbis: bf7c407c2cedff20999df2af8eb42d56 -> 
  custom:framework-win-MediaFoundation: 216162199b28c13a410421893ffa2e32 -> 
  custom:container-demuxer-ogg: 62fdf1f143b41e24485cea50d1cbac27 -> 
  custom:video-decoder-webm-vp8: 9c59270c3fd7afecdb556c50c9e8de78 -> 
  custom:audio-decoder-ogg-vorbis: bf7c407c2cedff20999df2af8eb42d56 -> 
========================================================================
Received Prepare
Registering precompiled user dll's ...
Registered in 0.014814 seconds.
Begin MonoManager ReloadAssembly
Symbol file LoadedFromMemory doesn't match image C:\Users\na\Camp Nou\Library\PackageCache\com.unity.visualscripting@1.7.8\Editor\VisualScripting.Core\Dependencies\YamlDotNet\Unity.VisualScripting.YamlDotNet.dll
Symbol file LoadedFromMemory doesn't match image C:\Users\na\Camp Nou\Library\PackageCache\com.unity.visualscripting@1.7.8\Editor\VisualScripting.Core\Dependencies\DotNetZip\Unity.VisualScripting.IonicZip.dll
Native extension for WindowsStandalone target not found
Native extension for WebGL target not found
Refreshing native plugins compatible for Editor in 2.18 ms, found 3 plugins.
Preloading 0 native plugins for Editor in 0.00 ms.
Mono: successfully reloaded assembly
- Completed reload, in  4.138 seconds
Domain Reload Profiling:
	ReloadAssembly (4142ms)
		BeginReloadAssembly (353ms)
			ExecutionOrderSort (0ms)
			DisableScriptedObjects (22ms)
			BackupInstance (0ms)
			ReleaseScriptingObjects (0ms)
			CreateAndSetChildDomain (87ms)
		EndReloadAssembly (3492ms)
			LoadAssemblies (233ms)
			RebuildTransferFunctionScriptingTraits (0ms)
			SetupTypeCache (1130ms)
			ReleaseScriptCaches (6ms)
			RebuildScriptCaches (217ms)
			SetupLoadedEditorAssemblies (1598ms)
				LogAssemblyErrors (0ms)
				InitializePlatformSupportModulesInManaged (64ms)
				SetLoadedEditorAssemblies (2ms)
				RefreshPlugins (2ms)
				BeforeProcessingInitializeOnLoad (310ms)
				ProcessInitializeOnLoadAttributes (1040ms)
				ProcessInitializeOnLoadMethodAttributes (144ms)
				AfterProcessingInitializeOnLoad (34ms)
				EditorAssembliesLoaded (1ms)
			ExecutionOrderSort2 (0ms)
			AwakeInstancesAfterBackupRestoration (28ms)
Platform modules already initialized, skipping
Refreshing native plugins compatible for Editor in 6.22 ms, found 3 plugins.
Preloading 0 native plugins for Editor in 0.00 ms.
Unloading 3374 Unused Serialized files (Serialized files now loaded: 0)
Unloading 20 unused Assets / (78.6 KB). Loaded Objects now: 3928.
Memory consumption went from 133.9 MB to 133.8 MB.
Total: 7.311600 ms (FindLiveObjects: 0.594300 ms CreateObjectMapping: 0.494600 ms MarkObjects: 6.021200 ms  DeleteObjects: 0.197700 ms)

AssetImportParameters requested are different than current active one (requested -> active):
  custom:video-decoder-ogg-theora: a1e56fd34408186e4bbccfd4996cb3dc -> 
  custom:container-muxer-webm: aa71ff27fc2769a1b78a27578f13a17b -> 
  custom:container-demuxer-webm: 4f35f7cbe854078d1ac9338744f61a02 -> 
  custom:video-encoder-webm-vp8: eb34c28f22e8b96e1ab97ce403110664 -> 
  custom:audio-encoder-webm-vorbis: bf7c407c2cedff20999df2af8eb42d56 -> 
  custom:framework-win-MediaFoundation: 216162199b28c13a410421893ffa2e32 -> 
  custom:container-demuxer-ogg: 62fdf1f143b41e24485cea50d1cbac27 -> 
  custom:video-decoder-webm-vp8: 9c59270c3fd7afecdb556c50c9e8de78 -> 
  custom:audio-decoder-ogg-vorbis: bf7c407c2cedff20999df2af8eb42d56 -> 
========================================================================
Received Prepare
Registering precompiled user dll's ...
Registered in 0.013931 seconds.
Begin MonoManager ReloadAssembly
Symbol file LoadedFromMemory doesn't match image C:\Users\na\Camp Nou\Library\PackageCache\com.unity.visualscripting@1.7.8\Editor\VisualScripting.Core\Dependencies\YamlDotNet\Unity.VisualScripting.YamlDotNet.dll
Symbol file LoadedFromMemory doesn't match image C:\Users\na\Camp Nou\Library\PackageCache\com.unity.visualscripting@1.7.8\Editor\VisualScripting.Core\Dependencies\DotNetZip\Unity.VisualScripting.IonicZip.dll
Native extension for WindowsStandalone target not found
Native extension for WebGL target not found
Refreshing native plugins compatible for Editor in 1.30 ms, found 3 plugins.
Preloading 0 native plugins for Editor in 0.00 ms.
Mono: successfully reloaded assembly
- Completed reload, in  4.685 seconds
Domain Reload Profiling:
	ReloadAssembly (4690ms)
		BeginReloadAssembly (343ms)
			ExecutionOrderSort (0ms)
			DisableScriptedObjects (17ms)
			BackupInstance (0ms)
			ReleaseScriptingObjects (0ms)
			CreateAndSetChildDomain (88ms)
		EndReloadAssembly (4056ms)
			LoadAssemblies (226ms)
			RebuildTransferFunctionScriptingTraits (0ms)
			SetupTypeCache (1201ms)
			ReleaseScriptCaches (6ms)
			RebuildScriptCaches (271ms)
			SetupLoadedEditorAssemblies (1943ms)
				LogAssemblyErrors (0ms)
				InitializePlatformSupportModulesInManaged (77ms)
				SetLoadedEditorAssemblies (2ms)
				RefreshPlugins (1ms)
				BeforeProcessingInitializeOnLoad (374ms)
				ProcessInitializeOnLoadAttributes (1279ms)
				ProcessInitializeOnLoadMethodAttributes (166ms)
				AfterProcessingInitializeOnLoad (42ms)
				EditorAssembliesLoaded (1ms)
			ExecutionOrderSort2 (0ms)
			AwakeInstancesAfterBackupRestoration (31ms)
Platform modules already initialized, skipping
Refreshing native plugins compatible for Editor in 11.33 ms, found 3 plugins.
Preloading 0 native plugins for Editor in 0.00 ms.
Unloading 3374 Unused Serialized files (Serialized files now loaded: 0)
Unloading 20 unused Assets / (78.6 KB). Loaded Objects now: 3931.
Memory consumption went from 133.9 MB to 133.8 MB.
Total: 15.308700 ms (FindLiveObjects: 0.792400 ms CreateObjectMapping: 1.088200 ms MarkObjects: 13.118800 ms  DeleteObjects: 0.304700 ms)

AssetImportParameters requested are different than current active one (requested -> active):
  custom:video-decoder-ogg-theora: a1e56fd34408186e4bbccfd4996cb3dc -> 
  custom:container-muxer-webm: aa71ff27fc2769a1b78a27578f13a17b -> 
  custom:container-demuxer-webm: 4f35f7cbe854078d1ac9338744f61a02 -> 
  custom:video-encoder-webm-vp8: eb34c28f22e8b96e1ab97ce403110664 -> 
  custom:audio-encoder-webm-vorbis: bf7c407c2cedff20999df2af8eb42d56 -> 
  custom:framework-win-MediaFoundation: 216162199b28c13a410421893ffa2e32 -> 
  custom:container-demuxer-ogg: 62fdf1f143b41e24485cea50d1cbac27 -> 
  custom:video-decoder-webm-vp8: 9c59270c3fd7afecdb556c50c9e8de78 -> 
  custom:audio-decoder-ogg-vorbis: bf7c407c2cedff20999df2af8eb42d56 -> 
========================================================================
Received Import Request.
  Time since last request: 348.558668 seconds.
  path: Assets/SampleScene.unity
  artifactKey: Guid(316d7e2bb9fcc1a448ade535131bc4ca) Importer(815301076,1909f56bfc062723c751e8b465ee728b)
Start importing Assets/SampleScene.unity using Guid(316d7e2bb9fcc1a448ade535131bc4ca) Importer(815301076,1909f56bfc062723c751e8b465ee728b)  -> (artifact id: 'a0ddbe25d19637650828d8bd109a7527') in 0.015531 seconds 
========================================================================
Received Prepare
Registering precompiled user dll's ...
Registered in 0.024818 seconds.
Begin MonoManager ReloadAssembly
Symbol file LoadedFromMemory doesn't match image C:\Users\na\Camp Nou\Library\PackageCache\com.unity.visualscripting@1.7.8\Editor\VisualScripting.Core\Dependencies\YamlDotNet\Unity.VisualScripting.YamlDotNet.dll
Symbol file LoadedFromMemory doesn't match image C:\Users\na\Camp Nou\Library\PackageCache\com.unity.visualscripting@1.7.8\Editor\VisualScripting.Core\Dependencies\DotNetZip\Unity.VisualScripting.IonicZip.dll
Native extension for WindowsStandalone target not found
Native extension for WebGL target not found
Refreshing native plugins compatible for Editor in 1.65 ms, found 3 plugins.
Preloading 0 native plugins for Editor in 0.00 ms.
Mono: successfully reloaded assembly
- Completed reload, in 11.928 seconds
Domain Reload Profiling:
	ReloadAssembly (11935ms)
		BeginReloadAssembly (591ms)
			ExecutionOrderSort (0ms)
			DisableScriptedObjects (26ms)
			BackupInstance (0ms)
			ReleaseScriptingObjects (0ms)
			CreateAndSetChildDomain (129ms)
		EndReloadAssembly (10824ms)
			LoadAssemblies (430ms)
			RebuildTransferFunctionScriptingTraits (0ms)
			SetupTypeCache (2686ms)
			ReleaseScriptCaches (3ms)
			RebuildScriptCaches (208ms)
			SetupLoadedEditorAssemblies (7051ms)
				LogAssemblyErrors (0ms)
				InitializePlatformSupportModulesInManaged (73ms)
				SetLoadedEditorAssemblies (4ms)
				RefreshPlugins (2ms)
				BeforeProcessingInitializeOnLoad (500ms)
				ProcessInitializeOnLoadAttributes (5702ms)
				ProcessInitializeOnLoadMethodAttributes (678ms)
				AfterProcessingInitializeOnLoad (90ms)
				EditorAssembliesLoaded (1ms)
			ExecutionOrderSort2 (0ms)
			AwakeInstancesAfterBackupRestoration (74ms)
Platform modules already initialized, skipping
Refreshing native plugins compatible for Editor in 9.38 ms, found 3 plugins.
Preloading 0 native plugins for Editor in 0.00 ms.
Unloading 3374 Unused Serialized files (Serialized files now loaded: 0)
Unloading 20 unused Assets / (78.7 KB). Loaded Objects now: 3934.
Memory consumption went from 133.9 MB to 133.8 MB.
Total: 15.152400 ms (FindLiveObjects: 0.907000 ms CreateObjectMapping: 0.634800 ms MarkObjects: 12.732700 ms  DeleteObjects: 0.873300 ms)

AssetImportParameters requested are different than current active one (requested -> active):
  custom:video-decoder-ogg-theora: a1e56fd34408186e4bbccfd4996cb3dc -> 
  custom:container-muxer-webm: aa71ff27fc2769a1b78a27578f13a17b -> 
  custom:container-demuxer-webm: 4f35f7cbe854078d1ac9338744f61a02 -> 
  custom:video-encoder-webm-vp8: eb34c28f22e8b96e1ab97ce403110664 -> 
  custom:audio-encoder-webm-vorbis: bf7c407c2cedff20999df2af8eb42d56 -> 
  custom:framework-win-MediaFoundation: 216162199b28c13a410421893ffa2e32 -> 
  custom:container-demuxer-ogg: 62fdf1f143b41e24485cea50d1cbac27 -> 
  custom:video-decoder-webm-vp8: 9c59270c3fd7afecdb556c50c9e8de78 -> 
  custom:audio-decoder-ogg-vorbis: bf7c407c2cedff20999df2af8eb42d56 -> 
========================================================================
Received Prepare
Registering precompiled user dll's ...
Registered in 0.051215 seconds.
Begin MonoManager ReloadAssembly
Symbol file LoadedFromMemory doesn't match image C:\Users\na\Camp Nou\Library\PackageCache\com.unity.visualscripting@1.7.8\Editor\VisualScripting.Core\Dependencies\YamlDotNet\Unity.VisualScripting.YamlDotNet.dll
Symbol file LoadedFromMemory doesn't match image C:\Users\na\Camp Nou\Library\PackageCache\com.unity.visualscripting@1.7.8\Editor\VisualScripting.Core\Dependencies\DotNetZip\Unity.VisualScripting.IonicZip.dll
Native extension for WindowsStandalone target not found
Native extension for WebGL target not found
Refreshing native plugins compatible for Editor in 3.63 ms, found 3 plugins.
Preloading 0 native plugins for Editor in 0.00 ms.
Mono: successfully reloaded assembly
- Completed reload, in 10.544 seconds
Domain Reload Profiling:
	ReloadAssembly (10550ms)
		BeginReloadAssembly (885ms)
			ExecutionOrderSort (0ms)
			DisableScriptedObjects (40ms)
			BackupInstance (0ms)
			ReleaseScriptingObjects (0ms)
			CreateAndSetChildDomain (207ms)
		EndReloadAssembly (8785ms)
			LoadAssemblies (634ms)
			RebuildTransferFunctionScriptingTraits (0ms)
			SetupTypeCache (2062ms)
			ReleaseScriptCaches (10ms)
			RebuildScriptCaches (525ms)
			SetupLoadedEditorAssemblies (4699ms)
				LogAssemblyErrors (0ms)
				InitializePlatformSupportModulesInManaged (248ms)
				SetLoadedEditorAssemblies (5ms)
				RefreshPlugins (4ms)
				BeforeProcessingInitializeOnLoad (764ms)
				ProcessInitializeOnLoadAttributes (3170ms)
				ProcessInitializeOnLoadMethodAttributes (429ms)
				AfterProcessingInitializeOnLoad (78ms)
				EditorAssembliesLoaded (1ms)
			ExecutionOrderSort2 (0ms)
			AwakeInstancesAfterBackupRestoration (95ms)
Platform modules already initialized, skipping
Refreshing native plugins compatible for Editor in 31.44 ms, found 3 plugins.
Preloading 0 native plugins for Editor in 0.00 ms.
Unloading 3374 Unused Serialized files (Serialized files now loaded: 0)
Unloading 20 unused Assets / (78.6 KB). Loaded Objects now: 3937.
Memory consumption went from 133.9 MB to 133.8 MB.
Total: 31.419800 ms (FindLiveObjects: 1.434500 ms CreateObjectMapping: 1.498000 ms MarkObjects: 27.994000 ms  DeleteObjects: 0.481700 ms)

AssetImportParameters requested are different than current active one (requested -> active):
  custom:video-decoder-ogg-theora: a1e56fd34408186e4bbccfd4996cb3dc -> 
  custom:container-muxer-webm: aa71ff27fc2769a1b78a27578f13a17b -> 
  custom:container-demuxer-webm: 4f35f7cbe854078d1ac9338744f61a02 -> 
  custom:video-encoder-webm-vp8: eb34c28f22e8b96e1ab97ce403110664 -> 
  custom:audio-encoder-webm-vorbis: bf7c407c2cedff20999df2af8eb42d56 -> 
  custom:framework-win-MediaFoundation: 216162199b28c13a410421893ffa2e32 -> 
  custom:container-demuxer-ogg: 62fdf1f143b41e24485cea50d1cbac27 -> 
  custom:video-decoder-webm-vp8: 9c59270c3fd7afecdb556c50c9e8de78 -> 
  custom:audio-decoder-ogg-vorbis: bf7c407c2cedff20999df2af8eb42d56 -> 
========================================================================
Received Prepare
Registering precompiled user dll's ...
Registered in 0.027954 seconds.
Begin MonoManager ReloadAssembly
Symbol file LoadedFromMemory doesn't match image C:\Users\na\Camp Nou\Library\PackageCache\com.unity.visualscripting@1.7.8\Editor\VisualScripting.Core\Dependencies\YamlDotNet\Unity.VisualScripting.YamlDotNet.dll
Symbol file LoadedFromMemory doesn't match image C:\Users\na\Camp Nou\Library\PackageCache\com.unity.visualscripting@1.7.8\Editor\VisualScripting.Core\Dependencies\DotNetZip\Unity.VisualScripting.IonicZip.dll
Native extension for WindowsStandalone target not found
Native extension for WebGL target not found
Refreshing native plugins compatible for Editor in 6.13 ms, found 3 plugins.
Preloading 0 native plugins for Editor in 0.00 ms.
Mono: successfully reloaded assembly
- Completed reload, in  9.520 seconds
Domain Reload Profiling:
	ReloadAssembly (9524ms)
		BeginReloadAssembly (611ms)
			ExecutionOrderSort (0ms)
			DisableScriptedObjects (33ms)
			BackupInstance (0ms)
			ReleaseScriptingObjects (0ms)
			CreateAndSetChildDomain (129ms)
		EndReloadAssembly (8284ms)
			LoadAssemblies (425ms)
			RebuildTransferFunctionScriptingTraits (0ms)
			SetupTypeCache (3041ms)
			ReleaseScriptCaches (10ms)
			RebuildScriptCaches (499ms)
			SetupLoadedEditorAssemblies (3696ms)
				LogAssemblyErrors (0ms)
				InitializePlatformSupportModulesInManaged (164ms)
				SetLoadedEditorAssemblies (5ms)
				RefreshPlugins (7ms)
				BeforeProcessingInitializeOnLoad (673ms)
				ProcessInitializeOnLoadAttributes (2475ms)
				ProcessInitializeOnLoadMethodAttributes (295ms)
				AfterProcessingInitializeOnLoad (75ms)
				EditorAssembliesLoaded (2ms)
			ExecutionOrderSort2 (0ms)
			AwakeInstancesAfterBackupRestoration (50ms)
Platform modules already initialized, skipping
Refreshing native plugins compatible for Editor in 41.93 ms, found 3 plugins.
Preloading 0 native plugins for Editor in 0.00 ms.
Unloading 3374 Unused Serialized files (Serialized files now loaded: 0)
Unloading 20 unused Assets / (78.6 KB). Loaded Objects now: 3940.
Memory consumption went from 133.9 MB to 133.8 MB.
Total: 31.564500 ms (FindLiveObjects: 1.514600 ms CreateObjectMapping: 1.832900 ms MarkObjects: 27.669200 ms  DeleteObjects: 0.541500 ms)

AssetImportParameters requested are different than current active one (requested -> active):
  custom:video-decoder-ogg-theora: a1e56fd34408186e4bbccfd4996cb3dc -> 
  custom:container-muxer-webm: aa71ff27fc2769a1b78a27578f13a17b -> 
  custom:container-demuxer-webm: 4f35f7cbe854078d1ac9338744f61a02 -> 
  custom:video-encoder-webm-vp8: eb34c28f22e8b96e1ab97ce403110664 -> 
  custom:audio-encoder-webm-vorbis: bf7c407c2cedff20999df2af8eb42d56 -> 
  custom:framework-win-MediaFoundation: 216162199b28c13a410421893ffa2e32 -> 
  custom:container-demuxer-ogg: 62fdf1f143b41e24485cea50d1cbac27 -> 
  custom:video-decoder-webm-vp8: 9c59270c3fd7afecdb556c50c9e8de78 -> 
  custom:audio-decoder-ogg-vorbis: bf7c407c2cedff20999df2af8eb42d56 -> 
========================================================================
Received Prepare
Registering precompiled user dll's ...
Registered in 0.038232 seconds.
Begin MonoManager ReloadAssembly
Symbol file LoadedFromMemory doesn't match image C:\Users\na\Camp Nou\Library\PackageCache\com.unity.visualscripting@1.7.8\Editor\VisualScripting.Core\Dependencies\YamlDotNet\Unity.VisualScripting.YamlDotNet.dll
Symbol file LoadedFromMemory doesn't match image C:\Users\na\Camp Nou\Library\PackageCache\com.unity.visualscripting@1.7.8\Editor\VisualScripting.Core\Dependencies\DotNetZip\Unity.VisualScripting.IonicZip.dll
Native extension for WindowsStandalone target not found
Native extension for WebGL target not found
Refreshing native plugins compatible for Editor in 4.56 ms, found 3 plugins.
Preloading 0 native plugins for Editor in 0.00 ms.
Mono: successfully reloaded assembly
- Completed reload, in  9.657 seconds
Domain Reload Profiling:
	ReloadAssembly (9659ms)
		BeginReloadAssembly (1124ms)
			ExecutionOrderSort (0ms)
			DisableScriptedObjects (49ms)
			BackupInstance (0ms)
			ReleaseScriptingObjects (0ms)
			CreateAndSetChildDomain (252ms)
		EndReloadAssembly (7650ms)
			LoadAssemblies (795ms)
			RebuildTransferFunctionScriptingTraits (0ms)
			SetupTypeCache (3143ms)
			ReleaseScriptCaches (7ms)
			RebuildScriptCaches (455ms)
			SetupLoadedEditorAssemblies (2976ms)
				LogAssemblyErrors (0ms)
				InitializePlatformSupportModulesInManaged (203ms)
				SetLoadedEditorAssemblies (6ms)
				RefreshPlugins (5ms)
				BeforeProcessingInitializeOnLoad (884ms)
				ProcessInitializeOnLoadAttributes (1737ms)
				ProcessInitializeOnLoadMethodAttributes (117ms)
				AfterProcessingInitializeOnLoad (23ms)
				EditorAssembliesLoaded (1ms)
			ExecutionOrderSort2 (0ms)
			AwakeInstancesAfterBackupRestoration (24ms)
Platform modules already initialized, skipping
Refreshing native plugins compatible for Editor in 17.24 ms, found 3 plugins.
Preloading 0 native plugins for Editor in 0.00 ms.
Unloading 3374 Unused Serialized files (Serialized files now loaded: 0)
Unloading 20 unused Assets / (78.7 KB). Loaded Objects now: 3943.
Memory consumption went from 133.9 MB to 133.8 MB.
Total: 27.980200 ms (FindLiveObjects: 1.379000 ms CreateObjectMapping: 1.132100 ms MarkObjects: 24.972300 ms  DeleteObjects: 0.491400 ms)

AssetImportParameters requested are different than current active one (requested -> active):
  custom:video-decoder-ogg-theora: a1e56fd34408186e4bbccfd4996cb3dc -> 
  custom:container-muxer-webm: aa71ff27fc2769a1b78a27578f13a17b -> 
  custom:container-demuxer-webm: 4f35f7cbe854078d1ac9338744f61a02 -> 
  custom:video-encoder-webm-vp8: eb34c28f22e8b96e1ab97ce403110664 -> 
  custom:audio-encoder-webm-vorbis: bf7c407c2cedff20999df2af8eb42d56 -> 
  custom:framework-win-MediaFoundation: 216162199b28c13a410421893ffa2e32 -> 
  custom:container-demuxer-ogg: 62fdf1f143b41e24485cea50d1cbac27 -> 
  custom:video-decoder-webm-vp8: 9c59270c3fd7afecdb556c50c9e8de78 -> 
  custom:audio-decoder-ogg-vorbis: bf7c407c2cedff20999df2af8eb42d56 -> 
========================================================================
Received Prepare
Registering precompiled user dll's ...
Registered in 0.029543 seconds.
Begin MonoManager ReloadAssembly
Symbol file LoadedFromMemory doesn't match image C:\Users\na\Camp Nou\Library\PackageCache\com.unity.visualscripting@1.7.8\Editor\VisualScripting.Core\Dependencies\YamlDotNet\Unity.VisualScripting.YamlDotNet.dll
Symbol file LoadedFromMemory doesn't match image C:\Users\na\Camp Nou\Library\PackageCache\com.unity.visualscripting@1.7.8\Editor\VisualScripting.Core\Dependencies\DotNetZip\Unity.VisualScripting.IonicZip.dll
Native extension for WindowsStandalone target not found
Native extension for WebGL target not found
Refreshing native plugins compatible for Editor in 1.86 ms, found 3 plugins.
Preloading 0 native plugins for Editor in 0.00 ms.
Mono: successfully reloaded assembly
- Completed reload, in  9.779 seconds
Domain Reload Profiling:
	ReloadAssembly (9784ms)
		BeginReloadAssembly (859ms)
			ExecutionOrderSort (0ms)
			DisableScriptedObjects (42ms)
			BackupInstance (0ms)
			ReleaseScriptingObjects (0ms)
			CreateAndSetChildDomain (199ms)
		EndReloadAssembly (8109ms)
			LoadAssemblies (597ms)
			RebuildTransferFunctionScriptingTraits (0ms)
			SetupTypeCache (3232ms)
			ReleaseScriptCaches (14ms)
			RebuildScriptCaches (463ms)
			SetupLoadedEditorAssemblies (3466ms)
				LogAssemblyErrors (0ms)
				InitializePlatformSupportModulesInManaged (82ms)
				SetLoadedEditorAssemblies (2ms)
				RefreshPlugins (2ms)
				BeforeProcessingInitializeOnLoad (525ms)
				ProcessInitializeOnLoadAttributes (2478ms)
				ProcessInitializeOnLoadMethodAttributes (311ms)
				AfterProcessingInitializeOnLoad (61ms)
				EditorAssembliesLoaded (5ms)
			ExecutionOrderSort2 (0ms)
			AwakeInstancesAfterBackupRestoration (62ms)
Platform modules already initialized, skipping
Refreshing native plugins compatible for Editor in 13.30 ms, found 3 plugins.
Preloading 0 native plugins for Editor in 0.00 ms.
Unloading 3374 Unused Serialized files (Serialized files now loaded: 0)
Unloading 20 unused Assets / (78.7 KB). Loaded Objects now: 3946.
Memory consumption went from 133.9 MB to 133.8 MB.
Total: 20.786100 ms (FindLiveObjects: 1.349300 ms CreateObjectMapping: 1.227100 ms MarkObjects: 17.907500 ms  DeleteObjects: 0.297800 ms)

AssetImportParameters requested are different than current active one (requested -> active):
  custom:video-decoder-ogg-theora: a1e56fd34408186e4bbccfd4996cb3dc -> 
  custom:container-muxer-webm: aa71ff27fc2769a1b78a27578f13a17b -> 
  custom:container-demuxer-webm: 4f35f7cbe854078d1ac9338744f61a02 -> 
  custom:video-encoder-webm-vp8: eb34c28f22e8b96e1ab97ce403110664 -> 
  custom:audio-encoder-webm-vorbis: bf7c407c2cedff20999df2af8eb42d56 -> 
  custom:framework-win-MediaFoundation: 216162199b28c13a410421893ffa2e32 -> 
  custom:container-demuxer-ogg: 62fdf1f143b41e24485cea50d1cbac27 -> 
  custom:video-decoder-webm-vp8: 9c59270c3fd7afecdb556c50c9e8de78 -> 
  custom:audio-decoder-ogg-vorbis: bf7c407c2cedff20999df2af8eb42d56 -> 
========================================================================
Received Prepare
Registering precompiled user dll's ...
Registered in 0.029860 seconds.
Begin MonoManager ReloadAssembly
Symbol file LoadedFromMemory doesn't match image C:\Users\na\Camp Nou\Library\PackageCache\com.unity.visualscripting@1.7.8\Editor\VisualScripting.Core\Dependencies\YamlDotNet\Unity.VisualScripting.YamlDotNet.dll
Symbol file LoadedFromMemory doesn't match image C:\Users\na\Camp Nou\Library\PackageCache\com.unity.visualscripting@1.7.8\Editor\VisualScripting.Core\Dependencies\DotNetZip\Unity.VisualScripting.IonicZip.dll
Native extension for WindowsStandalone target not found
Native extension for WebGL target not found
Refreshing native plugins compatible for Editor in 5.07 ms, found 3 plugins.
Preloading 0 native plugins for Editor in 0.00 ms.
Mono: successfully reloaded assembly
- Completed reload, in 11.030 seconds
Domain Reload Profiling:
	ReloadAssembly (11037ms)
		BeginReloadAssembly (752ms)
			ExecutionOrderSort (0ms)
			DisableScriptedObjects (48ms)
			BackupInstance (0ms)
			ReleaseScriptingObjects (0ms)
			CreateAndSetChildDomain (190ms)
		EndReloadAssembly (9455ms)
			LoadAssemblies (518ms)
			RebuildTransferFunctionScriptingTraits (0ms)
			SetupTypeCache (3341ms)
			ReleaseScriptCaches (9ms)
			RebuildScriptCaches (655ms)
			SetupLoadedEditorAssemblies (3880ms)
				LogAssemblyErrors (0ms)
				InitializePlatformSupportModulesInManaged (151ms)
				SetLoadedEditorAssemblies (6ms)
				RefreshPlugins (6ms)
				BeforeProcessingInitializeOnLoad (953ms)
				ProcessInitializeOnLoadAttributes (2432ms)
				ProcessInitializeOnLoadMethodAttributes (268ms)
				AfterProcessingInitializeOnLoad (59ms)
				EditorAssembliesLoaded (5ms)
			ExecutionOrderSort2 (0ms)
			AwakeInstancesAfterBackupRestoration (56ms)
Platform modules already initialized, skipping
Refreshing native plugins compatible for Editor in 23.56 ms, found 3 plugins.
Preloading 0 native plugins for Editor in 0.00 ms.
Unloading 3374 Unused Serialized files (Serialized files now loaded: 0)
Unloading 20 unused Assets / (78.6 KB). Loaded Objects now: 3949.
Memory consumption went from 133.9 MB to 133.9 MB.
Total: 26.825000 ms (FindLiveObjects: 1.386700 ms CreateObjectMapping: 1.135700 ms MarkObjects: 23.683300 ms  DeleteObjects: 0.614200 ms)

AssetImportParameters requested are different than current active one (requested -> active):
  custom:video-decoder-ogg-theora: a1e56fd34408186e4bbccfd4996cb3dc -> 
  custom:container-muxer-webm: aa71ff27fc2769a1b78a27578f13a17b -> 
  custom:container-demuxer-webm: 4f35f7cbe854078d1ac9338744f61a02 -> 
  custom:video-encoder-webm-vp8: eb34c28f22e8b96e1ab97ce403110664 -> 
  custom:audio-encoder-webm-vorbis: bf7c407c2cedff20999df2af8eb42d56 -> 
  custom:framework-win-MediaFoundation: 216162199b28c13a410421893ffa2e32 -> 
  custom:container-demuxer-ogg: 62fdf1f143b41e24485cea50d1cbac27 -> 
  custom:video-decoder-webm-vp8: 9c59270c3fd7afecdb556c50c9e8de78 -> 
  custom:audio-decoder-ogg-vorbis: bf7c407c2cedff20999df2af8eb42d56 -> 
========================================================================
Received Prepare
Registering precompiled user dll's ...
Registered in 0.055270 seconds.
Begin MonoManager ReloadAssembly
Symbol file LoadedFromMemory doesn't match image C:\Users\na\Camp Nou\Library\PackageCache\com.unity.visualscripting@1.7.8\Editor\VisualScripting.Core\Dependencies\YamlDotNet\Unity.VisualScripting.YamlDotNet.dll
Symbol file LoadedFromMemory doesn't match image C:\Users\na\Camp Nou\Library\PackageCache\com.unity.visualscripting@1.7.8\Editor\VisualScripting.Core\Dependencies\DotNetZip\Unity.VisualScripting.IonicZip.dll
Native extension for WindowsStandalone target not found
Native extension for WebGL target not found
Refreshing native plugins compatible for Editor in 2.10 ms, found 3 plugins.
Preloading 0 native plugins for Editor in 0.00 ms.
Mono: successfully reloaded assembly
- Completed reload, in  7.376 seconds
Domain Reload Profiling:
	ReloadAssembly (7380ms)
		BeginReloadAssembly (853ms)
			ExecutionOrderSort (0ms)
			DisableScriptedObjects (41ms)
			BackupInstance (0ms)
			ReleaseScriptingObjects (0ms)
			CreateAndSetChildDomain (205ms)
		EndReloadAssembly (5869ms)
			LoadAssemblies (554ms)
			RebuildTransferFunctionScriptingTraits (0ms)
			SetupTypeCache (2287ms)
			ReleaseScriptCaches (3ms)
			RebuildScriptCaches (204ms)
			SetupLoadedEditorAssemblies (2682ms)
				LogAssemblyErrors (0ms)
				InitializePlatformSupportModulesInManaged (105ms)
				SetLoadedEditorAssemblies (2ms)
				RefreshPlugins (2ms)
				BeforeProcessingInitializeOnLoad (546ms)
				ProcessInitializeOnLoadAttributes (1654ms)
				ProcessInitializeOnLoadMethodAttributes (281ms)
				AfterProcessingInitializeOnLoad (89ms)
				EditorAssembliesLoaded (2ms)
			ExecutionOrderSort2 (0ms)
			AwakeInstancesAfterBackupRestoration (53ms)
Platform modules already initialized, skipping
Refreshing native plugins compatible for Editor in 16.90 ms, found 3 plugins.
Preloading 0 native plugins for Editor in 0.00 ms.
Unloading 3374 Unused Serialized files (Serialized files now loaded: 0)
Unloading 20 unused Assets / (78.6 KB). Loaded Objects now: 3952.
Memory consumption went from 133.9 MB to 133.9 MB.
Total: 20.350400 ms (FindLiveObjects: 1.482900 ms CreateObjectMapping: 0.822300 ms MarkObjects: 17.530400 ms  DeleteObjects: 0.510400 ms)

AssetImportParameters requested are different than current active one (requested -> active):
  custom:video-decoder-ogg-theora: a1e56fd34408186e4bbccfd4996cb3dc -> 
  custom:container-muxer-webm: aa71ff27fc2769a1b78a27578f13a17b -> 
  custom:container-demuxer-webm: 4f35f7cbe854078d1ac9338744f61a02 -> 
  custom:video-encoder-webm-vp8: eb34c28f22e8b96e1ab97ce403110664 -> 
  custom:audio-encoder-webm-vorbis: bf7c407c2cedff20999df2af8eb42d56 -> 
  custom:framework-win-MediaFoundation: 216162199b28c13a410421893ffa2e32 -> 
  custom:container-demuxer-ogg: 62fdf1f143b41e24485cea50d1cbac27 -> 
  custom:video-decoder-webm-vp8: 9c59270c3fd7afecdb556c50c9e8de78 -> 
  custom:audio-decoder-ogg-vorbis: bf7c407c2cedff20999df2af8eb42d56 -> 
========================================================================
Received Prepare
Registering precompiled user dll's ...
Registered in 0.040719 seconds.
Begin MonoManager ReloadAssembly
Symbol file LoadedFromMemory doesn't match image C:\Users\na\Camp Nou\Library\PackageCache\com.unity.visualscripting@1.7.8\Editor\VisualScripting.Core\Dependencies\YamlDotNet\Unity.VisualScripting.YamlDotNet.dll
Symbol file LoadedFromMemory doesn't match image C:\Users\na\Camp Nou\Library\PackageCache\com.unity.visualscripting@1.7.8\Editor\VisualScripting.Core\Dependencies\DotNetZip\Unity.VisualScripting.IonicZip.dll
Native extension for WindowsStandalone target not found
Native extension for WebGL target not found
Refreshing native plugins compatible for Editor in 2.95 ms, found 3 plugins.
Preloading 0 native plugins for Editor in 0.00 ms.
Mono: successfully reloaded assembly
- Completed reload, in  8.918 seconds
Domain Reload Profiling:
	ReloadAssembly (8928ms)
		BeginReloadAssembly (791ms)
			ExecutionOrderSort (0ms)
			DisableScriptedObjects (39ms)
			BackupInstance (0ms)
			ReleaseScriptingObjects (0ms)
			CreateAndSetChildDomain (190ms)
		EndReloadAssembly (7483ms)
			LoadAssemblies (563ms)
			RebuildTransferFunctionScriptingTraits (0ms)
			SetupTypeCache (2443ms)
			ReleaseScriptCaches (4ms)
			RebuildScriptCaches (237ms)
			SetupLoadedEditorAssemblies (3899ms)
				LogAssemblyErrors (0ms)
				InitializePlatformSupportModulesInManaged (102ms)
				SetLoadedEditorAssemblies (4ms)
				RefreshPlugins (3ms)
				BeforeProcessingInitializeOnLoad (682ms)
				ProcessInitializeOnLoadAttributes (2521ms)
				ProcessInitializeOnLoadMethodAttributes (469ms)
				AfterProcessingInitializeOnLoad (116ms)
				EditorAssembliesLoaded (1ms)
			ExecutionOrderSort2 (0ms)
			AwakeInstancesAfterBackupRestoration (66ms)
Platform modules already initialized, skipping
Refreshing native plugins compatible for Editor in 24.37 ms, found 3 plugins.
Preloading 0 native plugins for Editor in 0.00 ms.
Unloading 3374 Unused Serialized files (Serialized files now loaded: 0)
Unloading 20 unused Assets / (78.7 KB). Loaded Objects now: 3955.
Memory consumption went from 133.9 MB to 133.9 MB.
Total: 42.929200 ms (FindLiveObjects: 2.574800 ms CreateObjectMapping: 2.831100 ms MarkObjects: 36.773000 ms  DeleteObjects: 0.742400 ms)

AssetImportParameters requested are different than current active one (requested -> active):
  custom:video-decoder-ogg-theora: a1e56fd34408186e4bbccfd4996cb3dc -> 
  custom:container-muxer-webm: aa71ff27fc2769a1b78a27578f13a17b -> 
  custom:container-demuxer-webm: 4f35f7cbe854078d1ac9338744f61a02 -> 
  custom:video-encoder-webm-vp8: eb34c28f22e8b96e1ab97ce403110664 -> 
  custom:audio-encoder-webm-vorbis: bf7c407c2cedff20999df2af8eb42d56 -> 
  custom:framework-win-MediaFoundation: 216162199b28c13a410421893ffa2e32 -> 
  custom:container-demuxer-ogg: 62fdf1f143b41e24485cea50d1cbac27 -> 
  custom:video-decoder-webm-vp8: 9c59270c3fd7afecdb556c50c9e8de78 -> 
  custom:audio-decoder-ogg-vorbis: bf7c407c2cedff20999df2af8eb42d56 -> 
========================================================================
Received Prepare
Registering precompiled user dll's ...
Registered in 0.021960 seconds.
Begin MonoManager ReloadAssembly
Symbol file LoadedFromMemory doesn't match image C:\Users\na\Camp Nou\Library\PackageCache\com.unity.visualscripting@1.7.8\Editor\VisualScripting.Core\Dependencies\YamlDotNet\Unity.VisualScripting.YamlDotNet.dll
Symbol file LoadedFromMemory doesn't match image C:\Users\na\Camp Nou\Library\PackageCache\com.unity.visualscripting@1.7.8\Editor\VisualScripting.Core\Dependencies\DotNetZip\Unity.VisualScripting.IonicZip.dll
Native extension for WindowsStandalone target not found
Native extension for WebGL target not found
Refreshing native plugins compatible for Editor in 1.61 ms, found 3 plugins.
Preloading 0 native plugins for Editor in 0.00 ms.
Mono: successfully reloaded assembly
- Completed reload, in  4.828 seconds
Domain Reload Profiling:
	ReloadAssembly (4831ms)
		BeginReloadAssembly (460ms)
			ExecutionOrderSort (0ms)
			DisableScriptedObjects (24ms)
			BackupInstance (0ms)
			ReleaseScriptingObjects (0ms)
			CreateAndSetChildDomain (105ms)
		EndReloadAssembly (3978ms)
			LoadAssemblies (311ms)
			RebuildTransferFunctionScriptingTraits (0ms)
			SetupTypeCache (1435ms)
			ReleaseScriptCaches (5ms)
			RebuildScriptCaches (281ms)
			SetupLoadedEditorAssemblies (1601ms)
				LogAssemblyErrors (0ms)
				InitializePlatformSupportModulesInManaged (68ms)
				SetLoadedEditorAssemblies (2ms)
				RefreshPlugins (2ms)
				BeforeProcessingInitializeOnLoad (309ms)
				ProcessInitializeOnLoadAttributes (1008ms)
				ProcessInitializeOnLoadMethodAttributes (176ms)
				AfterProcessingInitializeOnLoad (34ms)
				EditorAssembliesLoaded (1ms)
			ExecutionOrderSort2 (0ms)
			AwakeInstancesAfterBackupRestoration (25ms)
Platform modules already initialized, skipping
Refreshing native plugins compatible for Editor in 11.00 ms, found 3 plugins.
Preloading 0 native plugins for Editor in 0.00 ms.
Unloading 3374 Unused Serialized files (Serialized files now loaded: 0)
Unloading 20 unused Assets / (78.6 KB). Loaded Objects now: 3958.
Memory consumption went from 134.0 MB to 133.9 MB.
Total: 27.094100 ms (FindLiveObjects: 2.874100 ms CreateObjectMapping: 1.797100 ms MarkObjects: 21.146500 ms  DeleteObjects: 1.270200 ms)

AssetImportParameters requested are different than current active one (requested -> active):
  custom:video-decoder-ogg-theora: a1e56fd34408186e4bbccfd4996cb3dc -> 
  custom:container-muxer-webm: aa71ff27fc2769a1b78a27578f13a17b -> 
  custom:container-demuxer-webm: 4f35f7cbe854078d1ac9338744f61a02 -> 
  custom:video-encoder-webm-vp8: eb34c28f22e8b96e1ab97ce403110664 -> 
  custom:audio-encoder-webm-vorbis: bf7c407c2cedff20999df2af8eb42d56 -> 
  custom:framework-win-MediaFoundation: 216162199b28c13a410421893ffa2e32 -> 
  custom:container-demuxer-ogg: 62fdf1f143b41e24485cea50d1cbac27 -> 
  custom:video-decoder-webm-vp8: 9c59270c3fd7afecdb556c50c9e8de78 -> 
  custom:audio-decoder-ogg-vorbis: bf7c407c2cedff20999df2af8eb42d56 -> 
========================================================================
Received Prepare
Registering precompiled user dll's ...
Registered in 0.016176 seconds.
Begin MonoManager ReloadAssembly
Symbol file LoadedFromMemory doesn't match image C:\Users\na\Camp Nou\Library\PackageCache\com.unity.visualscripting@1.7.8\Editor\VisualScripting.Core\Dependencies\YamlDotNet\Unity.VisualScripting.YamlDotNet.dll
Symbol file LoadedFromMemory doesn't match image C:\Users\na\Camp Nou\Library\PackageCache\com.unity.visualscripting@1.7.8\Editor\VisualScripting.Core\Dependencies\DotNetZip\Unity.VisualScripting.IonicZip.dll
Native extension for WindowsStandalone target not found
Native extension for WebGL target not found
Refreshing native plugins compatible for Editor in 1.67 ms, found 3 plugins.
Preloading 0 native plugins for Editor in 0.00 ms.
Mono: successfully reloaded assembly
- Completed reload, in  5.095 seconds
Domain Reload Profiling:
	ReloadAssembly (5098ms)
		BeginReloadAssembly (375ms)
			ExecutionOrderSort (0ms)
			DisableScriptedObjects (15ms)
			BackupInstance (0ms)
			ReleaseScriptingObjects (0ms)
			CreateAndSetChildDomain (83ms)
		EndReloadAssembly (4424ms)
			LoadAssemblies (235ms)
			RebuildTransferFunctionScriptingTraits (0ms)
			SetupTypeCache (1284ms)
			ReleaseScriptCaches (4ms)
			RebuildScriptCaches (238ms)
			SetupLoadedEditorAssemblies (2265ms)
				LogAssemblyErrors (0ms)
				InitializePlatformSupportModulesInManaged (94ms)
				SetLoadedEditorAssemblies (2ms)
				RefreshPlugins (2ms)
				BeforeProcessingInitializeOnLoad (399ms)
				ProcessInitializeOnLoadAttributes (1477ms)
				ProcessInitializeOnLoadMethodAttributes (245ms)
				AfterProcessingInitializeOnLoad (45ms)
				EditorAssembliesLoaded (1ms)
			ExecutionOrderSort2 (0ms)
			AwakeInstancesAfterBackupRestoration (45ms)
Platform modules already initialized, skipping
Refreshing native plugins compatible for Editor in 7.60 ms, found 3 plugins.
Preloading 0 native plugins for Editor in 0.00 ms.
Unloading 3374 Unused Serialized files (Serialized files now loaded: 0)
Unloading 20 unused Assets / (78.5 KB). Loaded Objects now: 3961.
Memory consumption went from 134.0 MB to 133.9 MB.
Total: 10.892900 ms (FindLiveObjects: 0.795700 ms CreateObjectMapping: 0.508900 ms MarkObjects: 9.347600 ms  DeleteObjects: 0.237100 ms)

AssetImportParameters requested are different than current active one (requested -> active):
  custom:video-decoder-ogg-theora: a1e56fd34408186e4bbccfd4996cb3dc -> 
  custom:container-muxer-webm: aa71ff27fc2769a1b78a27578f13a17b -> 
  custom:container-demuxer-webm: 4f35f7cbe854078d1ac9338744f61a02 -> 
  custom:video-encoder-webm-vp8: eb34c28f22e8b96e1ab97ce403110664 -> 
  custom:audio-encoder-webm-vorbis: bf7c407c2cedff20999df2af8eb42d56 -> 
  custom:framework-win-MediaFoundation: 216162199b28c13a410421893ffa2e32 -> 
  custom:container-demuxer-ogg: 62fdf1f143b41e24485cea50d1cbac27 -> 
  custom:video-decoder-webm-vp8: 9c59270c3fd7afecdb556c50c9e8de78 -> 
  custom:audio-decoder-ogg-vorbis: bf7c407c2cedff20999df2af8eb42d56 -> 
